  BaseGame.cpp
C:\Users\Goat\Desktop\Graficos_1-main\Desarrollo_1_Engine\GraphicsEngine\renderer.h(4,10): fatal  error C1083: Cannot open include file: 'glm.hpp': No such file or directory
  Entity.cpp
C:\Users\Goat\Desktop\Graficos_1-main\Desarrollo_1_Engine\GraphicsEngine\renderer.h(4,10): fatal  error C1083: Cannot open include file: 'glm.hpp': No such file or directory
  Entity2D.cpp
C:\Users\Goat\Desktop\Graficos_1-main\Desarrollo_1_Engine\GraphicsEngine\renderer.h(4,10): fatal  error C1083: Cannot open include file: 'glm.hpp': No such file or directory
  Input.cpp
C:\Users\Goat\Desktop\Graficos_1-main\Desarrollo_1_Engine\GraphicsEngine\Keycode.h(21,1): warning C4005: 'KEYCODE_H': macro redefinition
C:\Users\Goat\Desktop\Graficos_1-main\Desarrollo_1_Engine\GraphicsEngine\Keycode.h(2): message : see previous definition of 'KEYCODE_H'
C:\Users\Goat\Desktop\Graficos_1-main\Desarrollo_1_Engine\GraphicsEngine\Input.cpp(2,10): fatal  error C1083: Cannot open include file: 'GLFW/glfw3.h': No such file or directory
  Renderer.cpp
C:\Users\Goat\Desktop\Graficos_1-main\Desarrollo_1_Engine\GraphicsEngine\renderer.h(4,10): fatal  error C1083: Cannot open include file: 'glm.hpp': No such file or directory
  Shape.cpp
C:\Users\Goat\Desktop\Graficos_1-main\Desarrollo_1_Engine\GraphicsEngine\renderer.h(4,10): fatal  error C1083: Cannot open include file: 'glm.hpp': No such file or directory
  Sprite.cpp
C:\Users\Goat\Desktop\Graficos_1-main\Desarrollo_1_Engine\GraphicsEngine\renderer.h(4,10): fatal  error C1083: Cannot open include file: 'glm.hpp': No such file or directory
  TextureImporter.cpp
C:\Users\Goat\Desktop\Graficos_1-main\Desarrollo_1_Engine\GraphicsEngine\TextureImporter.cpp(2,10): fatal  error C1083: Cannot open include file: 'GL/glew.h': No such file or directory
  Utility.cpp
C:\Users\Goat\Desktop\Graficos_1-main\Desarrollo_1_Engine\GraphicsEngine\Utility.cpp(2,10): fatal  error C1083: Cannot open include file: 'GL/glew.h': No such file or directory
  Window.cpp
C:\Users\Goat\Desktop\Graficos_1-main\Desarrollo_1_Engine\GraphicsEngine\Window.cpp(2,10): fatal  error C1083: Cannot open include file: 'GL/glew.h': No such file or directory
  Generating Code...
